<?xml version="1.0" encoding="UTF-8"?>
<!-- Generated by org.testng.reporters.JUnitXMLReporter -->
<testsuite ignored="0" hostname="IN-LP-84" failures="0" tests="7" name="Test" time="18.885" errors="0" timestamp="2024-08-30T12:09:51 IST">
  <testcase classname="tc.TC_Add_IssueType" name="EditIssue" time="0.262"/>
  <testcase classname="tc.TC_Add_IssueType" name="TestAddBtn" time="14.83">
    <skipped/>
  </testcase> <!-- TestAddBtn -->
  <testcase classname="tc.TC_Add_IssueType" name="TestAddBtn" time="0.038">
    <skipped/>
  </testcase> <!-- TestAddBtn -->
  <testcase classname="tc.TC_Add_IssueType" name="TestAddBtn" time="0.015">
    <skipped/>
  </testcase> <!-- TestAddBtn -->
  <testcase classname="tc.TC_loginvalid" name="LoginValidT" time="0.006">
    <skipped/>
  </testcase> <!-- LoginValidT -->
  <testcase classname="tc.TC_loginvalid" name="LoginValidT" time="0.005">
    <skipped/>
  </testcase> <!-- LoginValidT -->
  <testcase classname="tc.TC_loginvalid" name="LoginValidT" time="0.007">
    <skipped/>
  </testcase> <!-- LoginValidT -->
</testsuite> <!-- Test -->
